<<<<<<< Updated upstream
=======
<<<<<<< HEAD
﻿  코드를 생성하고 있습니다.
  3 of 3 functions (100.0%) were compiled.
    1 functions were new in current compilation
=======
>>>>>>> Stashed changes
﻿  Lecture2_11.cpp
C:\Users\HONGTAK\Desktop\윈플재\Win32API\실습\Win32APILacture\Client\Lecture2_11.cpp(16,2): warning C4091: 'typedef ': 변수를 선언하지 않으면 'Shape' 왼쪽은 무시됩니다.
C:\Users\HONGTAK\Desktop\윈플재\Win32API\실습\Win32APILacture\Client\Lecture2_11.cpp(92,27): warning C4805: '==': 연산에 'BOOL' 형식과 'bool' 형식을 함께 사용하는 것은 안전하지 않습니다.
C:\Users\HONGTAK\Desktop\윈플재\Win32API\실습\Win32APILacture\Client\Lecture2_11.cpp(110,27): warning C4805: '==': 연산에 'BOOL' 형식과 'bool' 형식을 함께 사용하는 것은 안전하지 않습니다.
C:\Users\HONGTAK\Desktop\윈플재\Win32API\실습\Win32APILacture\Client\Lecture2_11.cpp(126,27): warning C4805: '==': 연산에 'BOOL' 형식과 'bool' 형식을 함께 사용하는 것은 안전하지 않습니다.
C:\Users\HONGTAK\Desktop\윈플재\Win32API\실습\Win32APILacture\Client\Lecture2_11.cpp(144,27): warning C4805: '==': 연산에 'BOOL' 형식과 'bool' 형식을 함께 사용하는 것은 안전하지 않습니다.
C:\Users\HONGTAK\Desktop\윈플재\Win32API\실습\Win32APILacture\Client\Lecture2_11.cpp(161,28): warning C4805: '==': 연산에 'BOOL' 형식과 'bool' 형식을 함께 사용하는 것은 안전하지 않습니다.
C:\Users\HONGTAK\Desktop\윈플재\Win32API\실습\Win32APILacture\Client\Lecture2_11.cpp(177,28): warning C4805: '==': 연산에 'BOOL' 형식과 'bool' 형식을 함께 사용하는 것은 안전하지 않습니다.
C:\Users\HONGTAK\Desktop\윈플재\Win32API\실습\Win32APILacture\Client\Lecture2_11.cpp(498,20): warning C4805: '==': 연산에 'int' 형식과 'bool' 형식을 함께 사용하는 것은 안전하지 않습니다.
C:\Users\HONGTAK\Desktop\윈플재\Win32API\실습\Win32APILacture\Client\Lecture2_11.cpp(550,21): warning C4805: '==': 연산에 'int' 형식과 'bool' 형식을 함께 사용하는 것은 안전하지 않습니다.
C:\Users\HONGTAK\Desktop\윈플재\Win32API\실습\Win32APILacture\Client\Lecture2_11.cpp(562,21): warning C4805: '==': 연산에 'int' 형식과 'bool' 형식을 함께 사용하는 것은 안전하지 않습니다.
C:\Users\HONGTAK\Desktop\윈플재\Win32API\실습\Win32APILacture\Client\Lecture2_11.cpp(582,21): warning C4805: '==': 연산에 'int' 형식과 'bool' 형식을 함께 사용하는 것은 안전하지 않습니다.
C:\Users\HONGTAK\Desktop\윈플재\Win32API\실습\Win32APILacture\Client\Lecture2_11.cpp(607,27): warning C4805: '==': 연산에 'BOOL' 형식과 'bool' 형식을 함께 사용하는 것은 안전하지 않습니다.
C:\Users\HONGTAK\Desktop\윈플재\Win32API\실습\Win32APILacture\Client\Lecture2_11.cpp(612,22): warning C4805: '==': 연산에 'int' 형식과 'bool' 형식을 함께 사용하는 것은 안전하지 않습니다.
C:\Users\HONGTAK\Desktop\윈플재\Win32API\실습\Win32APILacture\Client\Lecture2_11.cpp(625,27): warning C4805: '==': 연산에 'BOOL' 형식과 'bool' 형식을 함께 사용하는 것은 안전하지 않습니다.
C:\Users\HONGTAK\Desktop\윈플재\Win32API\실습\Win32APILacture\Client\Lecture2_11.cpp(630,22): warning C4805: '==': 연산에 'int' 형식과 'bool' 형식을 함께 사용하는 것은 안전하지 않습니다.
C:\Users\HONGTAK\Desktop\윈플재\Win32API\실습\Win32APILacture\Client\Lecture2_11.cpp(651,27): warning C4805: '==': 연산에 'BOOL' 형식과 'bool' 형식을 함께 사용하는 것은 안전하지 않습니다.
C:\Users\HONGTAK\Desktop\윈플재\Win32API\실습\Win32APILacture\Client\Lecture2_11.cpp(656,22): warning C4805: '==': 연산에 'int' 형식과 'bool' 형식을 함께 사용하는 것은 안전하지 않습니다.
  코드를 생성하고 있습니다.
  3 of 3 functions (100.0%) were compiled.
    0 functions were new in current compilation
>>>>>>> e9df221388d591c66a25dde6f769cb8f1610253f
    0 functions had inline decision re-evaluated but remain unchanged
  코드를 생성했습니다.
  Client.vcxproj -> C:\Users\HONGTAK\Desktop\윈플재\Win32API\실습\Win32APILacture\Release\Client.exe
